<?xml version="1.0" encoding="UTF-8"?>
<testsuite xmlns:xsi="http://www.w3.org/2001/XMLSchema-instance" xsi:noNamespaceSchemaLocation="https://maven.apache.org/surefire/maven-surefire-plugin/xsd/surefire-test-report-3.0.xsd" version="3.0" name="Test.CalculadoraTest" time="0.12" tests="6" errors="0" skipped="0" failures="0">
  <properties>
[...]
</properties>
  <testcase name="restaTest" classname="Test.CalculadoraTest" time="0.037"/>
  <testcase name="sumaTest" classname="Test.CalculadoraTest" time="0.003"/>
  <testcase name="divisionTest" classname="Test.CalculadoraTest" time="0.004"/>
  <testcase name="divisionTest" classname="Test.CalculadoraTest" time="0.002"/>
  <testcase name="divisionTest" classname="Test.CalculadoraTest" time="0.002"/>
  <testcase name="multiplicacionTest" classname="Test.CalculadoraTest" time="0.002"/>
</testsuite>